This is pdfTeX, Version 3.1415926-2.5-1.40.14 (TeX Live 2013/Arch Linux) (format=pdflatex 2013.12.23)  24 DEC 2013 00:29
entering extended mode
 restricted \write18 enabled.
 %&-line parsing enabled.
**GCOM_REPORT.tex
(./GCOM_REPORT.tex
LaTeX2e <2011/06/27>
Babel <3.9f> and hyphenation patterns for 78 languages loaded.
(/usr/share/texmf-dist/tex/latex/base/article.cls
Document Class: article 2007/10/19 v1.4h Standard LaTeX document class
(/usr/share/texmf-dist/tex/latex/base/size10.clo
File: size10.clo 2007/10/19 v1.4h Standard LaTeX file (size option)
)
\c@part=\count79
\c@section=\count80
\c@subsection=\count81
\c@subsubsection=\count82
\c@paragraph=\count83
\c@subparagraph=\count84
\c@figure=\count85
\c@table=\count86
\abovecaptionskip=\skip41
\belowcaptionskip=\skip42
\bibindent=\dimen102
)
(/usr/share/texmf-dist/tex/latex/ntgclass/a4.sty
Package: a4 2004/04/15 v1.2g A4 based page layout
)
(/usr/share/texmf-dist/tex/generic/babel/babel.sty
Package: babel 2013/05/16 v3.9f The Babel package

(/usr/share/texmf-dist/tex/generic/babel-english/english.ldf
Language: english 2012/08/20 v3.3p English support from the babel system

(/usr/share/texmf-dist/tex/generic/babel/babel.def
File: babel.def 2013/05/16 v3.9f Babel common definitions
\babel@savecnt=\count87
\U@D=\dimen103
)
\l@canadian = a dialect from \language\l@american 
\l@australian = a dialect from \language\l@british 
\l@newzealand = a dialect from \language\l@british 
))
(/usr/share/texmf-dist/tex/latex/geometry/geometry.sty
Package: geometry 2010/09/12 v5.6 Page Geometry

(/usr/share/texmf-dist/tex/latex/graphics/keyval.sty
Package: keyval 1999/03/16 v1.13 key=value parser (DPC)
\KV@toks@=\toks14
)
(/usr/share/texmf-dist/tex/generic/oberdiek/ifpdf.sty
Package: ifpdf 2011/01/30 v2.3 Provides the ifpdf switch (HO)
Package ifpdf Info: pdfTeX in PDF mode is detected.
)
(/usr/share/texmf-dist/tex/generic/oberdiek/ifvtex.sty
Package: ifvtex 2010/03/01 v1.5 Detect VTeX and its facilities (HO)
Package ifvtex Info: VTeX not detected.
)
(/usr/share/texmf-dist/tex/generic/ifxetex/ifxetex.sty
Package: ifxetex 2010/09/12 v0.6 Provides ifxetex conditional
)
\Gm@cnth=\count88
\Gm@cntv=\count89
\c@Gm@tempcnt=\count90
\Gm@bindingoffset=\dimen104
\Gm@wd@mp=\dimen105
\Gm@odd@mp=\dimen106
\Gm@even@mp=\dimen107
\Gm@layoutwidth=\dimen108
\Gm@layoutheight=\dimen109
\Gm@layouthoffset=\dimen110
\Gm@layoutvoffset=\dimen111
\Gm@dimlist=\toks15
)
(/usr/share/texmf-dist/tex/latex/base/inputenc.sty
Package: inputenc 2008/03/30 v1.1d Input encoding file
\inpenc@prehook=\toks16
\inpenc@posthook=\toks17

(/usr/share/texmf-dist/tex/latex/base/utf8.def
File: utf8.def 2008/04/05 v1.1m UTF-8 support for inputenc
Now handling font encoding OML ...
... no UTF-8 mapping file for font encoding OML
Now handling font encoding T1 ...
... processing UTF-8 mapping file for font encoding T1

(/usr/share/texmf-dist/tex/latex/base/t1enc.dfu
File: t1enc.dfu 2008/04/05 v1.1m UTF-8 support for inputenc
   defining Unicode char U+00A1 (decimal 161)
   defining Unicode char U+00A3 (decimal 163)
   defining Unicode char U+00AB (decimal 171)
   defining Unicode char U+00BB (decimal 187)
   defining Unicode char U+00BF (decimal 191)
   defining Unicode char U+00C0 (decimal 192)
   defining Unicode char U+00C1 (decimal 193)
   defining Unicode char U+00C2 (decimal 194)
   defining Unicode char U+00C3 (decimal 195)
   defining Unicode char U+00C4 (decimal 196)
   defining Unicode char U+00C5 (decimal 197)
   defining Unicode char U+00C6 (decimal 198)
   defining Unicode char U+00C7 (decimal 199)
   defining Unicode char U+00C8 (decimal 200)
   defining Unicode char U+00C9 (decimal 201)
   defining Unicode char U+00CA (decimal 202)
   defining Unicode char U+00CB (decimal 203)
   defining Unicode char U+00CC (decimal 204)
   defining Unicode char U+00CD (decimal 205)
   defining Unicode char U+00CE (decimal 206)
   defining Unicode char U+00CF (decimal 207)
   defining Unicode char U+00D0 (decimal 208)
   defining Unicode char U+00D1 (decimal 209)
   defining Unicode char U+00D2 (decimal 210)
   defining Unicode char U+00D3 (decimal 211)
   defining Unicode char U+00D4 (decimal 212)
   defining Unicode char U+00D5 (decimal 213)
   defining Unicode char U+00D6 (decimal 214)
   defining Unicode char U+00D8 (decimal 216)
   defining Unicode char U+00D9 (decimal 217)
   defining Unicode char U+00DA (decimal 218)
   defining Unicode char U+00DB (decimal 219)
   defining Unicode char U+00DC (decimal 220)
   defining Unicode char U+00DD (decimal 221)
   defining Unicode char U+00DE (decimal 222)
   defining Unicode char U+00DF (decimal 223)
   defining Unicode char U+00E0 (decimal 224)
   defining Unicode char U+00E1 (decimal 225)
   defining Unicode char U+00E2 (decimal 226)
   defining Unicode char U+00E3 (decimal 227)
   defining Unicode char U+00E4 (decimal 228)
   defining Unicode char U+00E5 (decimal 229)
   defining Unicode char U+00E6 (decimal 230)
   defining Unicode char U+00E7 (decimal 231)
   defining Unicode char U+00E8 (decimal 232)
   defining Unicode char U+00E9 (decimal 233)
   defining Unicode char U+00EA (decimal 234)
   defining Unicode char U+00EB (decimal 235)
   defining Unicode char U+00EC (decimal 236)
   defining Unicode char U+00ED (decimal 237)
   defining Unicode char U+00EE (decimal 238)
   defining Unicode char U+00EF (decimal 239)
   defining Unicode char U+00F0 (decimal 240)
   defining Unicode char U+00F1 (decimal 241)
   defining Unicode char U+00F2 (decimal 242)
   defining Unicode char U+00F3 (decimal 243)
   defining Unicode char U+00F4 (decimal 244)
   defining Unicode char U+00F5 (decimal 245)
   defining Unicode char U+00F6 (decimal 246)
   defining Unicode char U+00F8 (decimal 248)
   defining Unicode char U+00F9 (decimal 249)
   defining Unicode char U+00FA (decimal 250)
   defining Unicode char U+00FB (decimal 251)
   defining Unicode char U+00FC (decimal 252)
   defining Unicode char U+00FD (decimal 253)
   defining Unicode char U+00FE (decimal 254)
   defining Unicode char U+00FF (decimal 255)
   defining Unicode char U+0102 (decimal 258)
   defining Unicode char U+0103 (decimal 259)
   defining Unicode char U+0104 (decimal 260)
   defining Unicode char U+0105 (decimal 261)
   defining Unicode char U+0106 (decimal 262)
   defining Unicode char U+0107 (decimal 263)
   defining Unicode char U+010C (decimal 268)
   defining Unicode char U+010D (decimal 269)
   defining Unicode char U+010E (decimal 270)
   defining Unicode char U+010F (decimal 271)
   defining Unicode char U+0110 (decimal 272)
   defining Unicode char U+0111 (decimal 273)
   defining Unicode char U+0118 (decimal 280)
   defining Unicode char U+0119 (decimal 281)
   defining Unicode char U+011A (decimal 282)
   defining Unicode char U+011B (decimal 283)
   defining Unicode char U+011E (decimal 286)
   defining Unicode char U+011F (decimal 287)
   defining Unicode char U+0130 (decimal 304)
   defining Unicode char U+0131 (decimal 305)
   defining Unicode char U+0132 (decimal 306)
   defining Unicode char U+0133 (decimal 307)
   defining Unicode char U+0139 (decimal 313)
   defining Unicode char U+013A (decimal 314)
   defining Unicode char U+013D (decimal 317)
   defining Unicode char U+013E (decimal 318)
   defining Unicode char U+0141 (decimal 321)
   defining Unicode char U+0142 (decimal 322)
   defining Unicode char U+0143 (decimal 323)
   defining Unicode char U+0144 (decimal 324)
   defining Unicode char U+0147 (decimal 327)
   defining Unicode char U+0148 (decimal 328)
   defining Unicode char U+014A (decimal 330)
   defining Unicode char U+014B (decimal 331)
   defining Unicode char U+0150 (decimal 336)
   defining Unicode char U+0151 (decimal 337)
   defining Unicode char U+0152 (decimal 338)
   defining Unicode char U+0153 (decimal 339)
   defining Unicode char U+0154 (decimal 340)
   defining Unicode char U+0155 (decimal 341)
   defining Unicode char U+0158 (decimal 344)
   defining Unicode char U+0159 (decimal 345)
   defining Unicode char U+015A (decimal 346)
   defining Unicode char U+015B (decimal 347)
   defining Unicode char U+015E (decimal 350)
   defining Unicode char U+015F (decimal 351)
   defining Unicode char U+0160 (decimal 352)
   defining Unicode char U+0161 (decimal 353)
   defining Unicode char U+0162 (decimal 354)
   defining Unicode char U+0163 (decimal 355)
   defining Unicode char U+0164 (decimal 356)
   defining Unicode char U+0165 (decimal 357)
   defining Unicode char U+016E (decimal 366)
   defining Unicode char U+016F (decimal 367)
   defining Unicode char U+0170 (decimal 368)
   defining Unicode char U+0171 (decimal 369)
   defining Unicode char U+0178 (decimal 376)
   defining Unicode char U+0179 (decimal 377)
   defining Unicode char U+017A (decimal 378)
   defining Unicode char U+017B (decimal 379)
   defining Unicode char U+017C (decimal 380)
   defining Unicode char U+017D (decimal 381)
   defining Unicode char U+017E (decimal 382)
   defining Unicode char U+200C (decimal 8204)
   defining Unicode char U+2013 (decimal 8211)
   defining Unicode char U+2014 (decimal 8212)
   defining Unicode char U+2018 (decimal 8216)
   defining Unicode char U+2019 (decimal 8217)
   defining Unicode char U+201A (decimal 8218)
   defining Unicode char U+201C (decimal 8220)
   defining Unicode char U+201D (decimal 8221)
   defining Unicode char U+201E (decimal 8222)
   defining Unicode char U+2030 (decimal 8240)
   defining Unicode char U+2031 (decimal 8241)
   defining Unicode char U+2039 (decimal 8249)
   defining Unicode char U+203A (decimal 8250)
   defining Unicode char U+2423 (decimal 9251)
)
Now handling font encoding OT1 ...
... processing UTF-8 mapping file for font encoding OT1

(/usr/share/texmf-dist/tex/latex/base/ot1enc.dfu
File: ot1enc.dfu 2008/04/05 v1.1m UTF-8 support for inputenc
   defining Unicode char U+00A1 (decimal 161)
   defining Unicode char U+00A3 (decimal 163)
   defining Unicode char U+00B8 (decimal 184)
   defining Unicode char U+00BF (decimal 191)
   defining Unicode char U+00C5 (decimal 197)
   defining Unicode char U+00C6 (decimal 198)
   defining Unicode char U+00D8 (decimal 216)
   defining Unicode char U+00DF (decimal 223)
   defining Unicode char U+00E6 (decimal 230)
   defining Unicode char U+00EC (decimal 236)
   defining Unicode char U+00ED (decimal 237)
   defining Unicode char U+00EE (decimal 238)
   defining Unicode char U+00EF (decimal 239)
   defining Unicode char U+00F8 (decimal 248)
   defining Unicode char U+0131 (decimal 305)
   defining Unicode char U+0141 (decimal 321)
   defining Unicode char U+0142 (decimal 322)
   defining Unicode char U+0152 (decimal 338)
   defining Unicode char U+0153 (decimal 339)
   defining Unicode char U+2013 (decimal 8211)
   defining Unicode char U+2014 (decimal 8212)
   defining Unicode char U+2018 (decimal 8216)
   defining Unicode char U+2019 (decimal 8217)
   defining Unicode char U+201C (decimal 8220)
   defining Unicode char U+201D (decimal 8221)
)
Now handling font encoding OMS ...
... processing UTF-8 mapping file for font encoding OMS

(/usr/share/texmf-dist/tex/latex/base/omsenc.dfu
File: omsenc.dfu 2008/04/05 v1.1m UTF-8 support for inputenc
   defining Unicode char U+00A7 (decimal 167)
   defining Unicode char U+00B6 (decimal 182)
   defining Unicode char U+00B7 (decimal 183)
   defining Unicode char U+2020 (decimal 8224)
   defining Unicode char U+2021 (decimal 8225)
   defining Unicode char U+2022 (decimal 8226)
)
Now handling font encoding OMX ...
... no UTF-8 mapping file for font encoding OMX
Now handling font encoding U ...
... no UTF-8 mapping file for font encoding U
   defining Unicode char U+00A9 (decimal 169)
   defining Unicode char U+00AA (decimal 170)
   defining Unicode char U+00AE (decimal 174)
   defining Unicode char U+00BA (decimal 186)
   defining Unicode char U+02C6 (decimal 710)
   defining Unicode char U+02DC (decimal 732)
   defining Unicode char U+200C (decimal 8204)
   defining Unicode char U+2026 (decimal 8230)
   defining Unicode char U+2122 (decimal 8482)
   defining Unicode char U+2423 (decimal 9251)
))
(/usr/share/texmf-dist/tex/latex/base/fontenc.sty
Package: fontenc 2005/09/27 v1.99g Standard LaTeX package

(/usr/share/texmf-dist/tex/latex/base/t1enc.def
File: t1enc.def 2005/09/27 v1.99g Standard LaTeX file
LaTeX Font Info:    Redeclaring font encoding T1 on input line 43.
))
(/usr/share/texmf-dist/tex/latex/graphics/graphicx.sty
Package: graphicx 1999/02/16 v1.0f Enhanced LaTeX Graphics (DPC,SPQR)

(/usr/share/texmf-dist/tex/latex/graphics/graphics.sty
Package: graphics 2009/02/05 v1.0o Standard LaTeX Graphics (DPC,SPQR)

(/usr/share/texmf-dist/tex/latex/graphics/trig.sty
Package: trig 1999/03/16 v1.09 sin cos tan (DPC)
)
(/usr/share/texmf-dist/tex/latex/latexconfig/graphics.cfg
File: graphics.cfg 2010/04/23 v1.9 graphics configuration of TeX Live
)
Package graphics Info: Driver file: pdftex.def on input line 91.

(/usr/share/texmf-dist/tex/latex/pdftex-def/pdftex.def
File: pdftex.def 2011/05/27 v0.06d Graphics/color for pdfTeX

(/usr/share/texmf-dist/tex/generic/oberdiek/infwarerr.sty
Package: infwarerr 2010/04/08 v1.3 Providing info/warning/error messages (HO)
)
(/usr/share/texmf-dist/tex/generic/oberdiek/ltxcmds.sty
Package: ltxcmds 2011/11/09 v1.22 LaTeX kernel commands for general use (HO)
)
\Gread@gobject=\count91
))
\Gin@req@height=\dimen112
\Gin@req@width=\dimen113
)
(/usr/share/texmf-dist/tex/latex/amsfonts/amssymb.sty
Package: amssymb 2013/01/14 v3.01 AMS font symbols

(/usr/share/texmf-dist/tex/latex/amsfonts/amsfonts.sty
Package: amsfonts 2013/01/14 v3.01 Basic AMSFonts support
\@emptytoks=\toks18
\symAMSa=\mathgroup4
\symAMSb=\mathgroup5
LaTeX Font Info:    Overwriting math alphabet `\mathfrak' in version `bold'
(Font)                  U/euf/m/n --> U/euf/b/n on input line 106.
))
(/usr/share/texmf-dist/tex/latex/amsmath/amstext.sty
Package: amstext 2000/06/29 v2.01

(/usr/share/texmf-dist/tex/latex/amsmath/amsgen.sty
File: amsgen.sty 1999/11/30 v2.0
\@emptytoks=\toks19
\ex@=\dimen114
))
(/usr/share/texmf-dist/tex/latex/amsmath/amsmath.sty
Package: amsmath 2013/01/14 v2.14 AMS math features
\@mathmargin=\skip43

For additional information on amsmath, use the `?' option.
(/usr/share/texmf-dist/tex/latex/amsmath/amsbsy.sty
Package: amsbsy 1999/11/29 v1.2d
\pmbraise@=\dimen115
)
(/usr/share/texmf-dist/tex/latex/amsmath/amsopn.sty
Package: amsopn 1999/12/14 v2.01 operator names
)
\inf@bad=\count92
LaTeX Info: Redefining \frac on input line 210.
\uproot@=\count93
\leftroot@=\count94
LaTeX Info: Redefining \overline on input line 306.
\classnum@=\count95
\DOTSCASE@=\count96
LaTeX Info: Redefining \ldots on input line 378.
LaTeX Info: Redefining \dots on input line 381.
LaTeX Info: Redefining \cdots on input line 466.
\Mathstrutbox@=\box26
\strutbox@=\box27
\big@size=\dimen116
LaTeX Font Info:    Redeclaring font encoding OML on input line 566.
LaTeX Font Info:    Redeclaring font encoding OMS on input line 567.
\macc@depth=\count97
\c@MaxMatrixCols=\count98
\dotsspace@=\muskip10
\c@parentequation=\count99
\dspbrk@lvl=\count100
\tag@help=\toks20
\row@=\count101
\column@=\count102
\maxfields@=\count103
\andhelp@=\toks21
\eqnshift@=\dimen117
\alignsep@=\dimen118
\tagshift@=\dimen119
\tagwidth@=\dimen120
\totwidth@=\dimen121
\lineht@=\dimen122
\@envbody=\toks22
\multlinegap=\skip44
\multlinetaggap=\skip45
\mathdisplay@stack=\toks23
LaTeX Info: Redefining \[ on input line 2665.
LaTeX Info: Redefining \] on input line 2666.
)
(/usr/share/texmf-dist/tex/latex/listings/listings.sty
\lst@mode=\count104
\lst@gtempboxa=\box28
\lst@token=\toks24
\lst@length=\count105
\lst@currlwidth=\dimen123
\lst@column=\count106
\lst@pos=\count107
\lst@lostspace=\dimen124
\lst@width=\dimen125
\lst@newlines=\count108
\lst@lineno=\count109
\lst@maxwidth=\dimen126

(/usr/share/texmf-dist/tex/latex/listings/lstmisc.sty
File: lstmisc.sty 2013/08/26 1.5b (Carsten Heinz)
\c@lstnumber=\count110
\lst@skipnumbers=\count111
\lst@framebox=\box29
)
(/usr/share/texmf-dist/tex/latex/listings/listings.cfg
File: listings.cfg 2013/08/26 1.5b listings configuration
))
Package: listings 2013/08/26 1.5b (Carsten Heinz)

(/usr/share/texmf-dist/tex/latex/graphics/color.sty
Package: color 2005/11/14 v1.0j Standard LaTeX Color (DPC)

(/usr/share/texmf-dist/tex/latex/latexconfig/color.cfg
File: color.cfg 2007/01/18 v1.5 color configuration of teTeX/TeXLive
)
Package color Info: Driver file: pdftex.def on input line 130.
)
(/usr/share/texmf-dist/tex/latex/setspace/setspace.sty
Package: setspace 2011/12/19 v6.7a set line spacing
)
(/usr/share/texmf-dist/tex/latex/tools/varioref.sty
Package: varioref 2011/10/02 v1.4z package for extended references (FMi)
\c@vrcnt=\count112
)
(/usr/share/texmf-dist/tex/latex/url/url.sty
\Urlmuskip=\muskip11
Package: url 2006/04/12  ver 3.3  Verb mode for urls, etc.
)
(/usr/share/texmf-dist/tex/latex/fancyhdr/fancyhdr.sty
\fancy@headwidth=\skip46
\f@ncyO@elh=\skip47
\f@ncyO@erh=\skip48
\f@ncyO@olh=\skip49
\f@ncyO@orh=\skip50
\f@ncyO@elf=\skip51
\f@ncyO@erf=\skip52
\f@ncyO@olf=\skip53
\f@ncyO@orf=\skip54
)
(/usr/share/texmf-dist/tex/latex/pxfonts/pxfonts.sty
Package: pxfonts 2008/01/22 v1.1.1
LaTeX Font Info:    Redeclaring symbol font `operators' on input line 21.
LaTeX Font Info:    Overwriting symbol font `operators' in version `normal'
(Font)                  OT1/cmr/m/n --> OT1/pxr/m/n on input line 21.
LaTeX Font Info:    Overwriting symbol font `operators' in version `bold'
(Font)                  OT1/cmr/bx/n --> OT1/pxr/m/n on input line 21.
LaTeX Font Info:    Overwriting symbol font `operators' in version `bold'
(Font)                  OT1/pxr/m/n --> OT1/pxr/bx/n on input line 22.
\symitalic=\mathgroup6
LaTeX Font Info:    Overwriting symbol font `italic' in version `bold'
(Font)                  OT1/pxr/m/it --> OT1/pxr/bx/it on input line 26.
LaTeX Font Info:    Redeclaring math alphabet \mathbf on input line 29.
LaTeX Font Info:    Overwriting math alphabet `\mathbf' in version `normal'
(Font)                  OT1/cmr/bx/n --> OT1/pxr/bx/n on input line 29.
LaTeX Font Info:    Overwriting math alphabet `\mathbf' in version `bold'
(Font)                  OT1/cmr/bx/n --> OT1/pxr/bx/n on input line 29.
LaTeX Font Info:    Redeclaring math alphabet \mathit on input line 30.
LaTeX Font Info:    Overwriting math alphabet `\mathit' in version `normal'
(Font)                  OT1/cmr/m/it --> OT1/pxr/m/it on input line 30.
LaTeX Font Info:    Overwriting math alphabet `\mathit' in version `bold'
(Font)                  OT1/cmr/bx/it --> OT1/pxr/m/it on input line 30.
LaTeX Font Info:    Overwriting math alphabet `\mathit' in version `bold'
(Font)                  OT1/pxr/m/it --> OT1/pxr/bx/it on input line 31.
LaTeX Font Info:    Redeclaring math alphabet \mathsf on input line 40.
LaTeX Font Info:    Overwriting math alphabet `\mathsf' in version `normal'
(Font)                  OT1/cmss/m/n --> OT1/pxss/m/n on input line 40.
LaTeX Font Info:    Overwriting math alphabet `\mathsf' in version `bold'
(Font)                  OT1/cmss/bx/n --> OT1/pxss/m/n on input line 40.
LaTeX Font Info:    Overwriting math alphabet `\mathsf' in version `bold'
(Font)                  OT1/pxss/m/n --> OT1/pxss/b/n on input line 41.
LaTeX Font Info:    Redeclaring math alphabet \mathtt on input line 50.
LaTeX Font Info:    Overwriting math alphabet `\mathtt' in version `normal'
(Font)                  OT1/cmtt/m/n --> OT1/pxtt/m/n on input line 50.
LaTeX Font Info:    Overwriting math alphabet `\mathtt' in version `bold'
(Font)                  OT1/cmtt/m/n --> OT1/pxtt/m/n on input line 50.
LaTeX Font Info:    Overwriting math alphabet `\mathtt' in version `bold'
(Font)                  OT1/pxtt/m/n --> OT1/pxtt/b/n on input line 51.
LaTeX Font Info:    Redeclaring symbol font `letters' on input line 58.
LaTeX Font Info:    Overwriting symbol font `letters' in version `normal'
(Font)                  OML/cmm/m/it --> OML/pxmi/m/it on input line 58.
LaTeX Font Info:    Overwriting symbol font `letters' in version `bold'
(Font)                  OML/cmm/b/it --> OML/pxmi/m/it on input line 58.
LaTeX Font Info:    Overwriting symbol font `letters' in version `bold'
(Font)                  OML/pxmi/m/it --> OML/pxmi/bx/it on input line 59.
\symlettersA=\mathgroup7
LaTeX Font Info:    Overwriting symbol font `lettersA' in version `bold'
(Font)                  U/pxmia/m/it --> U/pxmia/bx/it on input line 67.
LaTeX Font Info:    Redeclaring math alphabet \mathfrak on input line 70.
LaTeX Font Info:    Redeclaring symbol font `symbols' on input line 77.
LaTeX Font Info:    Overwriting symbol font `symbols' in version `normal'
(Font)                  OMS/cmsy/m/n --> OMS/pxsy/m/n on input line 77.
LaTeX Font Info:    Overwriting symbol font `symbols' in version `bold'
(Font)                  OMS/cmsy/b/n --> OMS/pxsy/m/n on input line 77.
LaTeX Font Info:    Overwriting symbol font `symbols' in version `bold'
(Font)                  OMS/pxsy/m/n --> OMS/pxsy/bx/n on input line 78.
LaTeX Font Info:    Redeclaring symbol font `AMSa' on input line 93.
LaTeX Font Info:    Overwriting symbol font `AMSa' in version `normal'
(Font)                  U/msa/m/n --> U/pxsya/m/n on input line 93.
LaTeX Font Info:    Overwriting symbol font `AMSa' in version `bold'
(Font)                  U/msa/m/n --> U/pxsya/m/n on input line 93.
LaTeX Font Info:    Overwriting symbol font `AMSa' in version `bold'
(Font)                  U/pxsya/m/n --> U/pxsya/bx/n on input line 94.
LaTeX Font Info:    Redeclaring symbol font `AMSb' on input line 102.
LaTeX Font Info:    Overwriting symbol font `AMSb' in version `normal'
(Font)                  U/msb/m/n --> U/pxsyb/m/n on input line 102.
LaTeX Font Info:    Overwriting symbol font `AMSb' in version `bold'
(Font)                  U/msb/m/n --> U/pxsyb/m/n on input line 102.
LaTeX Font Info:    Overwriting symbol font `AMSb' in version `bold'
(Font)                  U/pxsyb/m/n --> U/pxsyb/bx/n on input line 103.
\symsymbolsC=\mathgroup8
LaTeX Font Info:    Overwriting symbol font `symbolsC' in version `bold'
(Font)                  U/pxsyc/m/n --> U/pxsyc/bx/n on input line 113.
LaTeX Font Info:    Redeclaring symbol font `largesymbols' on input line 120.
LaTeX Font Info:    Overwriting symbol font `largesymbols' in version `normal'
(Font)                  OMX/cmex/m/n --> OMX/pxex/m/n on input line 120.
LaTeX Font Info:    Overwriting symbol font `largesymbols' in version `bold'
(Font)                  OMX/cmex/m/n --> OMX/pxex/m/n on input line 120.
LaTeX Font Info:    Overwriting symbol font `largesymbols' in version `bold'
(Font)                  OMX/pxex/m/n --> OMX/pxex/bx/n on input line 121.
\symlargesymbolsA=\mathgroup9
LaTeX Font Info:    Overwriting symbol font `largesymbolsA' in version `bold'
(Font)                  U/pxexa/m/n --> U/pxexa/bx/n on input line 129.
LaTeX Info: Redefining \not on input line 997.
)
(/usr/share/texmf-dist/tex/latex/listings/lstlang1.sty
File: lstlang1.sty 2013/08/26 1.5b listings language file
) (./GCOM_REPORT.aux)
\openout1 = `GCOM_REPORT.aux'.

LaTeX Font Info:    Checking defaults for OML/pxmi/m/it on input line 37.
LaTeX Font Info:    Try loading font information for OML+pxmi on input line 37.


(/usr/share/texmf-dist/tex/latex/pxfonts/omlpxmi.fd
File: omlpxmi.fd 2000/12/14 v1.0
)
LaTeX Font Info:    ... okay on input line 37.
LaTeX Font Info:    Checking defaults for T1/cmr/m/n on input line 37.
LaTeX Font Info:    ... okay on input line 37.
LaTeX Font Info:    Checking defaults for OT1/cmr/m/n on input line 37.
LaTeX Font Info:    ... okay on input line 37.
LaTeX Font Info:    Checking defaults for OMS/pxsy/m/n on input line 37.
LaTeX Font Info:    Try loading font information for OMS+pxsy on input line 37.


(/usr/share/texmf-dist/tex/latex/pxfonts/omspxsy.fd
File: omspxsy.fd 2000/12/14 v1.0
)
LaTeX Font Info:    ... okay on input line 37.
LaTeX Font Info:    Checking defaults for OMX/pxex/m/n on input line 37.
LaTeX Font Info:    Try loading font information for OMX+pxex on input line 37.


(/usr/share/texmf-dist/tex/latex/pxfonts/omxpxex.fd
File: omxpxex.fd 2000/12/14 v1.0
)
LaTeX Font Info:    ... okay on input line 37.
LaTeX Font Info:    Checking defaults for U/pxexa/m/n on input line 37.
LaTeX Font Info:    Try loading font information for U+pxexa on input line 37.

(/usr/share/texmf-dist/tex/latex/pxfonts/upxexa.fd
File: upxexa.fd 2000/12/14 v1.0
)
LaTeX Font Info:    ... okay on input line 37.
LaTeX Font Info:    Try loading font information for T1+pxr on input line 37.

(/usr/share/texmf-dist/tex/latex/pxfonts/t1pxr.fd
File: t1pxr.fd 2000/12/14 v1.0
)
*geometry* driver: auto-detecting
*geometry* detected driver: pdftex
*geometry* verbose mode - [ preamble ] result:
* driver: pdftex
* paper: a4paper
* layout: <same size as paper>
* layoutoffset:(h,v)=(0.0pt,0.0pt)
* modes: twoside 
* h-part:(L,W,R)=(54.2025pt, 489.10287pt, 54.2025pt)
* v-part:(T,H,B)=(72.26999pt, 700.50687pt, 72.26999pt)
* \paperwidth=597.50787pt
* \paperheight=845.04684pt
* \textwidth=489.10287pt
* \textheight=700.50687pt
* \oddsidemargin=-18.06749pt
* \evensidemargin=-18.06749pt
* \topmargin=-37.0pt
* \headheight=12.0pt
* \headsep=25.0pt
* \topskip=10.0pt
* \footskip=30.0pt
* \marginparwidth=72.26999pt
* \marginparsep=11.0pt
* \columnsep=10.0pt
* \skip\footins=9.0pt plus 4.0pt minus 2.0pt
* \hoffset=0.0pt
* \voffset=0.0pt
* \mag=1000
* \@twocolumnfalse
* \@twosidetrue
* \@mparswitchtrue
* \@reversemarginfalse
* (1in=72.27pt=25.4mm, 1cm=28.453pt)

(/usr/share/texmf-dist/tex/context/base/supp-pdf.mkii
[Loading MPS to PDF converter (version 2006.09.02).]
\scratchcounter=\count113
\scratchdimen=\dimen127
\scratchbox=\box30
\nofMPsegments=\count114
\nofMParguments=\count115
\everyMPshowfont=\toks25
\MPscratchCnt=\count116
\MPscratchDim=\dimen128
\MPnumerator=\count117
\makeMPintoPDFobject=\count118
\everyMPtoPDFconversion=\toks26
) (/usr/share/texmf-dist/tex/generic/oberdiek/pdftexcmds.sty
Package: pdftexcmds 2011/11/29 v0.20 Utility functions of pdfTeX for LuaTeX (HO
)

(/usr/share/texmf-dist/tex/generic/oberdiek/ifluatex.sty
Package: ifluatex 2010/03/01 v1.3 Provides the ifluatex switch (HO)
Package ifluatex Info: LuaTeX not detected.
)
Package pdftexcmds Info: LuaTeX not detected.
Package pdftexcmds Info: \pdf@primitive is available.
Package pdftexcmds Info: \pdf@ifprimitive is available.
Package pdftexcmds Info: \pdfdraftmode found.
)
(/usr/share/texmf-dist/tex/latex/oberdiek/epstopdf-base.sty
Package: epstopdf-base 2010/02/09 v2.5 Base part for package epstopdf

(/usr/share/texmf-dist/tex/latex/oberdiek/grfext.sty
Package: grfext 2010/08/19 v1.1 Manage graphics extensions (HO)

(/usr/share/texmf-dist/tex/generic/oberdiek/kvdefinekeys.sty
Package: kvdefinekeys 2011/04/07 v1.3 Define keys (HO)
))
(/usr/share/texmf-dist/tex/latex/oberdiek/kvoptions.sty
Package: kvoptions 2011/06/30 v3.11 Key value format for package options (HO)

(/usr/share/texmf-dist/tex/generic/oberdiek/kvsetkeys.sty
Package: kvsetkeys 2012/04/25 v1.16 Key value parser (HO)

(/usr/share/texmf-dist/tex/generic/oberdiek/etexcmds.sty
Package: etexcmds 2011/02/16 v1.5 Avoid name clashes with e-TeX commands (HO)
Package etexcmds Info: Could not find \expanded.
(etexcmds)             That can mean that you are not using pdfTeX 1.50 or
(etexcmds)             that some package has redefined \expanded.
(etexcmds)             In the latter case, load this package earlier.
)))
Package grfext Info: Graphics extension search list:
(grfext)             [.png,.pdf,.jpg,.mps,.jpeg,.jbig2,.jb2,.PNG,.PDF,.JPG,.JPE
G,.JBIG2,.JB2,.eps]
(grfext)             \AppendGraphicsExtensions on input line 452.

(/usr/share/texmf-dist/tex/latex/latexconfig/epstopdf-sys.cfg
File: epstopdf-sys.cfg 2010/07/13 v1.3 Configuration of (r)epstopdf for TeX Liv
e
))
\c@lstlisting=\count119

Underfull \hbox (badness 10000) in paragraph at lines 42--46

 []


Underfull \hbox (badness 10000) in paragraph at lines 47--49

 []


Underfull \hbox (badness 10000) in paragraph at lines 50--53

 []


Underfull \hbox (badness 10000) in paragraph at lines 54--56

 []


Underfull \hbox (badness 10000) in paragraph at lines 57--62

 []


Underfull \hbox (badness 10000) in paragraph at lines 63--68

 []


Underfull \hbox (badness 10000) in paragraph at lines 63--68

 []

LaTeX Font Info:    Try loading font information for T1+pxtt on input line 68.
(/usr/share/texmf-dist/tex/latex/pxfonts/t1pxtt.fd
File: t1pxtt.fd 2000/12/14 v1.0
) [1

{/var/lib/texmf/fonts/map/pdftex/updmap/pdftex.map}] (./GCOM_REPORT.toc
LaTeX Font Info:    Try loading font information for OT1+pxr on input line 13.

(/usr/share/texmf-dist/tex/latex/pxfonts/ot1pxr.fd
File: ot1pxr.fd 2000/12/14 v1.0
)
LaTeX Font Info:    Try loading font information for U+pxsya on input line 13.

(/usr/share/texmf-dist/tex/latex/pxfonts/upxsya.fd
File: upxsya.fd 2000/12/14 v1.0
)
LaTeX Font Info:    Try loading font information for U+pxsyb on input line 13.

(/usr/share/texmf-dist/tex/latex/pxfonts/upxsyb.fd
File: utxsyb.fd 2000/12/14 v1.0
)
LaTeX Font Info:    Try loading font information for U+pxmia on input line 13.

(/usr/share/texmf-dist/tex/latex/pxfonts/upxmia.fd
File: upxmia.fd 2000/12/14 v1.0
)
LaTeX Font Info:    Try loading font information for U+pxsyc on input line 13.

(/usr/share/texmf-dist/tex/latex/pxfonts/upxsyc.fd
File: upxsyc.fd 2000/12/14 v1.0
))
\tf@toc=\write3
\openout3 = `GCOM_REPORT.toc'.

 [1]
<High_Abstraction.png, id=12, 484.81125pt x 589.20125pt>
File: High_Abstraction.png Graphic file (type png)

<use High_Abstraction.png>
Package pdftex.def Info: High_Abstraction.png used on input line 115.
(pdftex.def)             Requested size: 301.1261pt x 365.98427pt.


LaTeX Warning: `h' float specifier changed to `ht'.

[1] <Add_Member.png, id=17, 850.17625pt x 364.36125pt>
File: Add_Member.png Graphic file (type png)
 <use Add_Member.png>
Package pdftex.def Info: Add_Member.png used on input line 131.
(pdftex.def)             Requested size: 301.1261pt x 129.0517pt.


LaTeX Warning: `h' float specifier changed to `ht'.

[2 <./High_Abstraction.png>] <Election.png, id=21, 847.165pt x 396.48125pt>
File: Election.png Graphic file (type png)

<use Election.png>
Package pdftex.def Info: Election.png used on input line 146.
(pdftex.def)             Requested size: 301.1261pt x 140.93028pt.
 [3 <./Add_Member.png> <./Election.png>] [4]
<causal.png, id=31, 797.98125pt x 700.6175pt>
File: causal.png Graphic file (type png)
 <use causal.png>
Package pdftex.def Info: causal.png used on input line 232.
(pdftex.def)             Requested size: 284.52756pt x 249.80605pt.


LaTeX Warning: `h' float specifier changed to `ht'.

[5]
LaTeX Font Info:    Try loading font information for OMS+pxr on input line 248.

 (/usr/share/texmf-dist/tex/latex/pxfonts/omspxr.fd
File: omspxr.fd 2000/12/14 v1.0
)
LaTeX Font Info:    Font shape `OMS/pxr/m/n' in size <10> not available
(Font)              Font shape `OMS/pxsy/m/n' tried instead on input line 248.
 [6 <./causal.png>]
<GCom-1.png, id=40, 561.09625pt x 468.75125pt>
File: GCom-1.png Graphic file (type png)
 <use GCom-1.png>
Package pdftex.def Info: GCom-1.png used on input line 280.
(pdftex.def)             Requested size: 401.50146pt x 335.41924pt.

<GCom-Port.png, id=42, 330.23375pt x 141.52875pt>
File: GCom-Port.png Graphic file (type png)
 <use GCom-Port.png>
Package pdftex.def Info: GCom-Port.png used on input line 290.
(pdftex.def)             Requested size: 250.93842pt x 107.54784pt.


LaTeX Warning: `h' float specifier changed to `ht'.

[7 <./GCom-1.png>] <GCom-NewGroup.png, id=47, 604.2575pt x 476.78125pt>
File: GCom-NewGroup.png Graphic file (type png)

<use GCom-NewGroup.png>
Package pdftex.def Info: GCom-NewGroup.png used on input line 303.
(pdftex.def)             Requested size: 401.50146pt x 316.80092pt.
 [8 <./GCom-Port.png> <./GCom-NewGroup.png>]
<GCome-Group.png, id=53, 302.12875pt x 216.81pt>
File: GCome-Group.png Graphic file (type png)
 <use GCome-Group.png>
Package pdftex.def Info: GCome-Group.png used on input line 313.
(pdftex.def)             Requested size: 250.93842pt x 180.07465pt.

Overfull \hbox (8.90219pt too wide) in paragraph at lines 321--322
[][][][][][][][][][][][][][][][][][][][][][] 
 []

<GCom-2.png, id=54, 613.29124pt x 465.74pt>
File: GCom-2.png Graphic file (type png)
 <use GCom-2.png>
Package pdftex.def Info: GCom-2.png used on input line 328.
(pdftex.def)             Requested size: 301.1261pt x 228.67653pt.
 [9 <./GCome-Group.png> <./GCom-2.png>] <GCom-RemoveGroup.png, id=60, 559.08875
pt x 504.88625pt>
File: GCom-RemoveGroup.png Graphic file (type png)

<use GCom-RemoveGroup.png>
Package pdftex.def Info: GCom-RemoveGroup.png used on input line 337.
(pdftex.def)             Requested size: 351.31378pt x 317.26338pt.

<Client-CreateMember.png, id=61, 422.57875pt x 335.2525pt>
File: Client-CreateMember.png Graphic file (type png)

<use Client-CreateMember.png>
Package pdftex.def Info: Client-CreateMember.png used on input line 351.
(pdftex.def)             Requested size: 301.1261pt x 238.90569pt.


LaTeX Warning: `h' float specifier changed to `ht'.

[10 <./GCom-RemoveGroup.png>]
<Client-Chats.png, id=66, 1197.47375pt x 455.7025pt>
File: Client-Chats.png Graphic file (type png)
 <use Client-Chats.png>
Package pdftex.def Info: Client-Chats.png used on input line 365.
(pdftex.def)             Requested size: 491.8393pt x 187.16603pt.

Overfull \hbox (2.73642pt too wide) in paragraph at lines 365--366
 [] 
 []

<GCom-MembersAdded.png, id=67, 829.0975pt x 571.13374pt>
File: GCom-MembersAdded.png Graphic file (type png)

<use GCom-MembersAdded.png>
Package pdftex.def Info: GCom-MembersAdded.png used on input line 374.
(pdftex.def)             Requested size: 351.31378pt x 242.00095pt.


LaTeX Warning: `h' float specifier changed to `ht'.

<Client-Search.png, id=68, 574.145pt x 445.665pt>
File: Client-Search.png Graphic file (type png)
 <use Client-Search.png>
Package pdftex.def Info: Client-Search.png used on input line 387.
(pdftex.def)             Requested size: 250.93842pt x 194.78075pt.

[11 <./Client-CreateMember.png> <./Client-Chats.png>]
<Client-Chat-1.png, id=75, 474.77374pt x 483.8075pt>
File: Client-Chat-1.png Graphic file (type png)
 <use Client-Chat-1.png>
Package pdftex.def Info: Client-Chat-1.png used on input line 397.
(pdftex.def)             Requested size: 150.56305pt x 153.4263pt.


LaTeX Warning: `h' float specifier changed to `ht'.

<Client-Chat.png, id=76, 1371.1225pt x 770.88pt>
File: Client-Chat.png Graphic file (type png)
 <use Client-Chat.png>
Package pdftex.def Info: Client-Chat.png used on input line 406.
(pdftex.def)             Requested size: 431.61407pt x 242.6638pt.


LaTeX Warning: `h' float specifier changed to `ht'.

[12 <./GCom-MembersAdded.png> <./Client-Search.png>] [13 <./Client-Chat-1.png> 
<./Client-Chat.png>] <DebugWindow-1.png, id=86, 869.2475pt x 525.965pt>
File: DebugWindow-1.png Graphic file (type png)

<use DebugWindow-1.png>
Package pdftex.def Info: DebugWindow-1.png used on input line 420.
(pdftex.def)             Requested size: 351.31378pt x 212.57324pt.
 <DebugWindow-2.png, id=87, 869.2475pt x 684.5575pt>
File: DebugWindow-2.png Graphic file (type png)

<use DebugWindow-2.png>
Package pdftex.def Info: DebugWindow-2.png used on input line 436.
(pdftex.def)             Requested size: 451.68915pt x 355.72125pt.


LaTeX Warning: `h' float specifier changed to `ht'.

[14 <./DebugWindow-1.png>]
LaTeX Font Info:    Font shape `T1/pxtt/m/it' in size <9> not available
(Font)              Font shape `T1/pxtt/m/sl' tried instead on input line 461.
 [15 <./DebugWindow-2.png>]
Overfull \hbox (13.10223pt too wide) in paragraph at lines 490--491
[][][][][][][][][][][][][][][][][][][][][][][][][] 
 []

[16] [17] (./GCOM_REPORT.aux) ) 
Here is how much of TeX's memory you used:
 6428 strings out of 493311
 81822 string characters out of 6143649
 173466 words of memory out of 5000000
 9706 multiletter control sequences out of 15000+600000
 30770 words of font info for 76 fonts, out of 8000000 for 9000
 957 hyphenation exceptions out of 8191
 38i,11n,43p,683b,1111s stack positions out of 5000i,500n,10000p,200000b,80000s
{/usr/share/texmf-dist/fonts/enc/dvips/base/8r.e
nc}</usr/share/texmf-dist/fonts/type1/public/pxfonts/pxsy.pfb></usr/share/texmf
-dist/fonts/type1/public/pxfonts/rpxi.pfb></usr/share/texmf-dist/fonts/type1/pu
blic/pxfonts/rpxr.pfb></usr/share/texmf-dist/fonts/type1/public/txfonts/t1xbtt.
pfb></usr/share/texmf-dist/fonts/type1/public/txfonts/t1xtt.pfb></usr/share/tex
mf-dist/fonts/type1/public/txfonts/t1xtt.pfb></usr/share/texmf-dist/fonts/type1
/urw/palatino/uplb8a.pfb></usr/share/texmf-dist/fonts/type1/urw/palatino/uplr8a
.pfb></usr/share/texmf-dist/fonts/type1/urw/palatino/uplri8a.pfb>
Output written on GCOM_REPORT.pdf (19 pages, 683296 bytes).
PDF statistics:
 135 PDF objects out of 1000 (max. 8388607)
 73 compressed objects within 1 object stream
 0 named destinations out of 1000 (max. 500000)
 91 words of extra memory for PDF output out of 10000 (max. 10000000)

